#
# There is insufficient memory for the Java Runtime Environment to continue.
# Native memory allocation (malloc) failed to allocate 32744 bytes for ChunkPool::allocate
# Possible reasons:
#   The system is out of physical RAM or swap space
#   The process is running with CompressedOops enabled, and the Java Heap may be blocking the growth of the native heap
# Possible solutions:
#   Reduce memory load on the system
#   Increase physical memory or swap space
#   Check if swap backing store is full
#   Decrease Java heap size (-Xmx/-Xms)
#   Decrease number of Java threads
#   Decrease Java thread stack sizes (-Xss)
#   Set larger code cache with -XX:ReservedCodeCacheSize=
#   JVM is running with Unscaled Compressed Oops mode in which the Java heap is
#     placed in the first 4GB address space. The Java Heap base address is the
#     maximum limit for the native heap growth. Please use -XX:HeapBaseMinAddress
#     to set the Java Heap base and to place the Java Heap above 4GB virtual address.
# This output file may be truncated or incomplete.
#
#  Out of Memory Error (allocation.cpp:272), pid=16560, tid=0x00000000000002ac
#
# JRE version: OpenJDK Runtime Environment (8.0_242-b01) (build 1.8.0_242-release-1644-b01)
# Java VM: OpenJDK 64-Bit Server VM (25.242-b01 mixed mode windows-amd64 compressed oops)
# Failed to write core dump. Minidumps are not enabled by default on client versions of Windows
#

---------------  T H R E A D  ---------------

Current thread (0x0000000016acd800):  JavaThread "C2 CompilerThread1" daemon [_thread_in_native, id=684, stack(0x0000000018220000,0x0000000018320000)]

Stack: [0x0000000018220000,0x0000000018320000]
[error occurred during error reporting (printing stack bounds), id 0xc0000005]

Native frames: (J=compiled Java code, j=interpreted, Vv=VM code, C=native code)


Current CompileTask:
C2:  41486 6477   !   4       java.net.URLClassLoader$1::run (63 bytes)


---------------  P R O C E S S  ---------------

Java Threads: ( => current thread )
  0x0000000019032800 JavaThread "Cache worker for Build Output Cleanup Cache (C:\Users\Administrator\Desktop\#100DaysOfCode\AngelaCourses\flash_chat\android\.gradle\buildOutputCleanup)" [_thread_blocked, id=8744, stack(0x0000000020ee0000,0x0000000020fe0000)]
  0x000000001902d000 JavaThread "Build operations Thread 4" [_thread_blocked, id=14680, stack(0x00000000203e0000,0x00000000204e0000)]
  0x0000000019030000 JavaThread "Build operations Thread 3" [_thread_blocked, id=4004, stack(0x00000000202e0000,0x00000000203e0000)]
  0x0000000019034000 JavaThread "Build operations Thread 2" [_thread_blocked, id=13516, stack(0x00000000201e0000,0x00000000202e0000)]
  0x0000000019033000 JavaThread "Build operations" [_thread_blocked, id=5056, stack(0x00000000200e0000,0x00000000201e0000)]
  0x0000000019030800 JavaThread "Cache worker for execution history cache (C:\Users\Administrator\.gradle\caches\5.6.2\executionHistory)" [_thread_blocked, id=1048, stack(0x000000001fbe0000,0x000000001fce0000)]
  0x000000001902f000 JavaThread "Cache worker for cache directory md-rule (C:\Users\Administrator\.gradle\caches\5.6.2\md-rule)" [_thread_blocked, id=4012, stack(0x000000001f8e0000,0x000000001f9e0000)]
  0x000000001902e800 JavaThread "Cache worker for cache directory md-supplier (C:\Users\Administrator\.gradle\caches\5.6.2\md-supplier)" [_thread_blocked, id=11908, stack(0x000000001f7e0000,0x000000001f8e0000)]
  0x000000001a350800 JavaThread "Cache worker for file hash cache (C:\Users\Administrator\Desktop\#100DaysOfCode\AngelaCourses\flash_chat\android\.gradle\5.6.2\fileHashes)" [_thread_blocked, id=17340, stack(0x000000001dd10000,0x000000001de10000)]
  0x000000001a356800 JavaThread "File lock release action executor" [_thread_blocked, id=11372, stack(0x000000001dc10000,0x000000001dd10000)]
  0x000000001a351800 JavaThread "Cache worker for journal cache (C:\Users\Administrator\.gradle\caches\journal-1)" [_thread_blocked, id=13040, stack(0x000000001c640000,0x000000001c740000)]
  0x000000001a357800 JavaThread "File lock request listener" [_thread_in_native, id=18400, stack(0x000000001c540000,0x000000001c640000)]
  0x000000001a356000 JavaThread "Cache worker for file hash cache (C:\Users\Administrator\.gradle\caches\5.6.2\fileHashes)" [_thread_blocked, id=18556, stack(0x000000001c440000,0x000000001c540000)]
  0x0000000018646800 JavaThread "Thread-9" [_thread_blocked, id=744, stack(0x000000001c340000,0x000000001c440000)]
  0x0000000018efb000 JavaThread "Stdin handler" [_thread_blocked, id=9460, stack(0x000000001c240000,0x000000001c340000)]
  0x0000000019180000 JavaThread "Asynchronous log dispatcher for DefaultDaemonConnection: socket connection from /127.0.0.1:63288 to /127.0.0.1:63293" [_thread_blocked, id=7580, stack(0x000000001c140000,0x000000001c240000)]
  0x0000000018ef9000 JavaThread "Daemon worker" [_thread_in_vm, id=19356, stack(0x000000001be40000,0x000000001bf40000)]
  0x0000000018ef8800 JavaThread "Cancel handler" [_thread_blocked, id=13520, stack(0x000000001bd40000,0x000000001be40000)]
  0x0000000018ef4800 JavaThread "Handler for socket connection from /127.0.0.1:63288 to /127.0.0.1:63293" [_thread_in_native, id=11504, stack(0x000000001bc40000,0x000000001bd40000)]
  0x0000000018ef1800 JavaThread "Daemon" [_thread_blocked, id=12880, stack(0x000000001bb40000,0x000000001bc40000)]
  0x0000000018f4a800 JavaThread "Daemon periodic checks" [_thread_blocked, id=16332, stack(0x000000001ba40000,0x000000001bb40000)]
  0x000000001a400000 JavaThread "Incoming local TCP Connector on port 63288" [_thread_in_native, id=4076, stack(0x000000001b800000,0x000000001b900000)]
  0x000000001a34d000 JavaThread "Daemon health stats" [_thread_blocked, id=11296, stack(0x000000001b1c0000,0x000000001b2c0000)]
  0x0000000018450800 JavaThread "Service Thread" daemon [_thread_blocked, id=7540, stack(0x0000000018820000,0x0000000018920000)]
  0x0000000016adb000 JavaThread "C1 CompilerThread2" daemon [_thread_blocked, id=9324, stack(0x0000000018320000,0x0000000018420000)]
=>0x0000000016acd800 JavaThread "C2 CompilerThread1" daemon [_thread_in_native, id=684, stack(0x0000000018220000,0x0000000018320000)]
  0x0000000016acb000 JavaThread "C2 CompilerThread0" daemon [_thread_in_native, id=7604, stack(0x0000000018120000,0x0000000018220000)]
  0x0000000016aca000 JavaThread "Attach Listener" daemon [_thread_blocked, id=14184, stack(0x0000000018020000,0x0000000018120000)]
  0x0000000016ac9000 JavaThread "Signal Dispatcher" daemon [_thread_blocked, id=8400, stack(0x0000000017f20000,0x0000000018020000)]
  0x000000000314d800 JavaThread "Finalizer" daemon [_thread_blocked, id=7736, stack(0x0000000017d20000,0x0000000017e20000)]
  0x0000000016aa9000 JavaThread "Reference Handler" daemon [_thread_blocked, id=11532, stack(0x0000000017c20000,0x0000000017d20000)]
  0x0000000003052800 JavaThread "main" [_thread_blocked, id=11388, stack(0x0000000002f50000,0x0000000003050000)]

Other Threads:
  0x0000000016a87000 VMThread [stack: 0x0000000017b20000,0x0000000017c20000] [id=15180]
  0x0000000016b1e000 WatcherThread [stack: 0x0000000018920000,0x0000000018a20000] [id=14664]

VM state:not at safepoint (normal execution)

VM Mutex/Monitor currently owned by a thread: None

heap address: 0x00000000a0000000, size: 1536 MB, Compressed Oops mode: 32-bit
Narrow klass base: 0x0000000000000000, Narrow klass shift: 3
Compressed class space size: 1073741824 Address: 0x0000000100000000

Heap:
 PSYoungGen      total 294400K, used 15292K [0x00000000e0000000, 0x00000000f3580000, 0x0000000100000000)
  eden space 273408K, 5% used [0x00000000e0000000,0x00000000e0eef3f0,0x00000000f0b00000)
  from space 20992K, 0% used [0x00000000f0b00000,0x00000000f0b00000,0x00000000f1f80000)
  to   space 15360K, 0% used [0x00000000f1f80000,0x00000000f1f80000,0x00000000f2e80000)
 ParOldGen       total 111104K, used 31778K [0x00000000a0000000, 0x00000000a6c80000, 0x00000000e0000000)
  object space 111104K, 28% used [0x00000000a0000000,0x00000000a1f08960,0x00000000a6c80000)
 Metaspace       used 58067K, capacity 59826K, committed 59924K, reserved 1101824K
  class space    used 7676K, capacity 8171K, committed 8212K, reserved 1048576K

Card table byte_map: [0x0000000012510000,0x0000000012820000] byte_map_base: 0x0000000012010000

Marking Bits: (ParMarkBitMap*) 0x000000005d35f030
 Begin Bits: [0x0000000012e20000, 0x0000000014620000)
 End Bits:   [0x0000000014620000, 0x0000000015e20000)

Polling page: 0x0000000000df0000

CodeCache: size=245760Kb used=20120Kb max_used=20120Kb free=225639Kb
 bounds [0x0000000003150000, 0x0000000004510000, 0x0000000012150000]
 total_blobs=6645 nmethods=5844 adapters=713
 compilation: enabled

Compilation events (10 events):
Event: 41.435 Thread 0x0000000016adb000 6584       3       com.google.common.collect.CompactHashSet::isEmpty (13 bytes)
Event: 41.435 Thread 0x0000000016adb000 nmethod 6584 0x00000000044fbb50 code [0x00000000044fbca0, 0x00000000044fbe50]
Event: 41.436 Thread 0x0000000016adb000 6585       3       com.google.common.collect.NaturalOrdering::compare (13 bytes)
Event: 41.436 Thread 0x0000000016adb000 nmethod 6585 0x00000000044fbed0 code [0x00000000044fc0a0, 0x00000000044fc848]
Event: 41.436 Thread 0x0000000016adb000 6586       3       org.gradle.internal.reflect.annotations.impl.DefaultPropertyAnnotationMetadata::compareTo (9 bytes)
Event: 41.436 Thread 0x0000000016adb000 nmethod 6586 0x00000000044fcb90 code [0x00000000044fcd20, 0x00000000044fd248]
Event: 41.437 Thread 0x0000000016adb000 6587   !   3       com.sun.proxy.$Proxy23::annotationType (29 bytes)
Event: 41.438 Thread 0x0000000016adb000 nmethod 6587 0x00000000044fd450 code [0x00000000044fd5e0, 0x00000000044fda18]
Event: 41.438 Thread 0x0000000016adb000 6588       3       org.gradle.api.internal.project.taskfactory.DefaultTaskClassInfoStore::createTaskAction (275 bytes)
Event: 41.444 Thread 0x0000000016adb000 nmethod 6588 0x00000000044fdbd0 code [0x00000000044fe280, 0x0000000004503258]

GC Heap History (10 events):
Event: 27.738 GC heap before
{Heap before GC invocations=10 (full 2):
 PSYoungGen      total 201216K, used 9841K [0x00000000e0000000, 0x00000000ed300000, 0x0000000100000000)
  eden space 188416K, 0% used [0x00000000e0000000,0x00000000e0000000,0x00000000eb800000)
  from space 12800K, 76% used [0x00000000ec680000,0x00000000ed01c578,0x00000000ed300000)
  to   space 13824K, 0% used [0x00000000eb800000,0x00000000eb800000,0x00000000ec580000)
 ParOldGen       total 62464K, used 7788K [0x00000000a0000000, 0x00000000a3d00000, 0x00000000e0000000)
  object space 62464K, 12% used [0x00000000a0000000,0x00000000a079b320,0x00000000a3d00000)
 Metaspace       used 34531K, capacity 35122K, committed 35416K, reserved 1079296K
  class space    used 4693K, capacity 4870K, committed 4952K, reserved 1048576K
Event: 27.866 GC heap after
Heap after GC invocations=10 (full 2):
 PSYoungGen      total 201216K, used 0K [0x00000000e0000000, 0x00000000ed300000, 0x0000000100000000)
  eden space 188416K, 0% used [0x00000000e0000000,0x00000000e0000000,0x00000000eb800000)
  from space 12800K, 0% used [0x00000000ec680000,0x00000000ec680000,0x00000000ed300000)
  to   space 13824K, 0% used [0x00000000eb800000,0x00000000eb800000,0x00000000ec580000)
 ParOldGen       total 78848K, used 16495K [0x00000000a0000000, 0x00000000a4d00000, 0x00000000e0000000)
  object space 78848K, 20% used [0x00000000a0000000,0x00000000a101bdf8,0x00000000a4d00000)
 Metaspace       used 34531K, capacity 35122K, committed 35416K, reserved 1079296K
  class space    used 4693K, capacity 4870K, committed 4952K, reserved 1048576K
}
Event: 35.591 GC heap before
{Heap before GC invocations=11 (full 2):
 PSYoungGen      total 201216K, used 188416K [0x00000000e0000000, 0x00000000ed300000, 0x0000000100000000)
  eden space 188416K, 100% used [0x00000000e0000000,0x00000000eb800000,0x00000000eb800000)
  from space 12800K, 0% used [0x00000000ec680000,0x00000000ec680000,0x00000000ed300000)
  to   space 13824K, 0% used [0x00000000eb800000,0x00000000eb800000,0x00000000ec580000)
 ParOldGen       total 78848K, used 16495K [0x00000000a0000000, 0x00000000a4d00000, 0x00000000e0000000)
  object space 78848K, 20% used [0x00000000a0000000,0x00000000a101bdf8,0x00000000a4d00000)
 Metaspace       used 46321K, capacity 47458K, committed 47960K, reserved 1091584K
  class space    used 6008K, capacity 6361K, committed 6488K, reserved 1048576K
Event: 35.609 GC heap after
Heap after GC invocations=11 (full 2):
 PSYoungGen      total 202240K, used 13761K [0x00000000e0000000, 0x00000000f2e80000, 0x0000000100000000)
  eden space 188416K, 0% used [0x00000000e0000000,0x00000000e0000000,0x00000000eb800000)
  from space 13824K, 99% used [0x00000000eb800000,0x00000000ec570538,0x00000000ec580000)
  to   space 15360K, 0% used [0x00000000f1f80000,0x00000000f1f80000,0x00000000f2e80000)
 ParOldGen       total 78848K, used 16503K [0x00000000a0000000, 0x00000000a4d00000, 0x00000000e0000000)
  object space 78848K, 20% used [0x00000000a0000000,0x00000000a101ddf8,0x00000000a4d00000)
 Metaspace       used 46321K, capacity 47458K, committed 47960K, reserved 1091584K
  class space    used 6008K, capacity 6361K, committed 6488K, reserved 1048576K
}
Event: 40.186 GC heap before
{Heap before GC invocations=12 (full 2):
 PSYoungGen      total 202240K, used 202177K [0x00000000e0000000, 0x00000000f2e80000, 0x0000000100000000)
  eden space 188416K, 100% used [0x00000000e0000000,0x00000000eb800000,0x00000000eb800000)
  from space 13824K, 99% used [0x00000000eb800000,0x00000000ec570538,0x00000000ec580000)
  to   space 15360K, 0% used [0x00000000f1f80000,0x00000000f1f80000,0x00000000f2e80000)
 ParOldGen       total 78848K, used 16503K [0x00000000a0000000, 0x00000000a4d00000, 0x00000000e0000000)
  object space 78848K, 20% used [0x00000000a0000000,0x00000000a101ddf8,0x00000000a4d00000)
 Metaspace       used 56531K, capacity 58284K, committed 58584K, reserved 1099776K
  class space    used 7434K, capacity 7894K, committed 7896K, reserved 1048576K
Event: 40.221 GC heap after
Heap after GC invocations=12 (full 2):
 PSYoungGen      total 288768K, used 15343K [0x00000000e0000000, 0x00000000f3580000, 0x0000000100000000)
  eden space 273408K, 0% used [0x00000000e0000000,0x00000000e0000000,0x00000000f0b00000)
  from space 15360K, 99% used [0x00000000f1f80000,0x00000000f2e7bd18,0x00000000f2e80000)
  to   space 20992K, 0% used [0x00000000f0b00000,0x00000000f0b00000,0x00000000f1f80000)
 ParOldGen       total 78848K, used 26548K [0x00000000a0000000, 0x00000000a4d00000, 0x00000000e0000000)
  object space 78848K, 33% used [0x00000000a0000000,0x00000000a19ed3f8,0x00000000a4d00000)
 Metaspace       used 56531K, capacity 58284K, committed 58584K, reserved 1099776K
  class space    used 7434K, capacity 7894K, committed 7896K, reserved 1048576K
}
Event: 40.582 GC heap before
{Heap before GC invocations=13 (full 2):
 PSYoungGen      total 288768K, used 25563K [0x00000000e0000000, 0x00000000f3580000, 0x0000000100000000)
  eden space 273408K, 3% used [0x00000000e0000000,0x00000000e09fb028,0x00000000f0b00000)
  from space 15360K, 99% used [0x00000000f1f80000,0x00000000f2e7bd18,0x00000000f2e80000)
  to   space 20992K, 0% used [0x00000000f0b00000,0x00000000f0b00000,0x00000000f1f80000)
 ParOldGen       total 78848K, used 26548K [0x00000000a0000000, 0x00000000a4d00000, 0x00000000e0000000)
  object space 78848K, 33% used [0x00000000a0000000,0x00000000a19ed3f8,0x00000000a4d00000)
 Metaspace       used 57206K, capacity 58970K, committed 59028K, reserved 1099776K
  class space    used 7560K, capacity 8071K, committed 8084K, reserved 1048576K
Event: 40.620 GC heap after
Heap after GC invocations=13 (full 2):
 PSYoungGen      total 294400K, used 1156K [0x00000000e0000000, 0x00000000f3580000, 0x0000000100000000)
  eden space 273408K, 0% used [0x00000000e0000000,0x00000000e0000000,0x00000000f0b00000)
  from space 20992K, 5% used [0x00000000f0b00000,0x00000000f0c212f0,0x00000000f1f80000)
  to   space 15360K, 0% used [0x00000000f1f80000,0x00000000f1f80000,0x00000000f2e80000)
 ParOldGen       total 78848K, used 41803K [0x00000000a0000000, 0x00000000a4d00000, 0x00000000e0000000)
  object space 78848K, 53% used [0x00000000a0000000,0x00000000a28d2c88,0x00000000a4d00000)
 Metaspace       used 57206K, capacity 58970K, committed 59028K, reserved 1099776K
  class space    used 7560K, capacity 8071K, committed 8084K, reserved 1048576K
}
Event: 40.620 GC heap before
{Heap before GC invocations=14 (full 3):
 PSYoungGen      total 294400K, used 1156K [0x00000000e0000000, 0x00000000f3580000, 0x0000000100000000)
  eden space 273408K, 0% used [0x00000000e0000000,0x00000000e0000000,0x00000000f0b00000)
  from space 20992K, 5% used [0x00000000f0b00000,0x00000000f0c212f0,0x00000000f1f80000)
  to   space 15360K, 0% used [0x00000000f1f80000,0x00000000f1f80000,0x00000000f2e80000)
 ParOldGen       total 78848K, used 41803K [0x00000000a0000000, 0x00000000a4d00000, 0x00000000e0000000)
  object space 78848K, 53% used [0x00000000a0000000,0x00000000a28d2c88,0x00000000a4d00000)
 Metaspace       used 57206K, capacity 58970K, committed 59028K, reserved 1099776K
  class space    used 7560K, capacity 8071K, committed 8084K, reserved 1048576K
Event: 41.003 GC heap after
Heap after GC invocations=14 (full 3):
 PSYoungGen      total 294400K, used 0K [0x00000000e0000000, 0x00000000f3580000, 0x0000000100000000)
  eden space 273408K, 0% used [0x00000000e0000000,0x00000000e0000000,0x00000000f0b00000)
  from space 20992K, 0% used [0x00000000f0b00000,0x00000000f0b00000,0x00000000f1f80000)
  to   space 15360K, 0% used [0x00000000f1f80000,0x00000000f1f80000,0x00000000f2e80000)
 ParOldGen       total 111104K, used 31778K [0x00000000a0000000, 0x00000000a6c80000, 0x00000000e0000000)
  object space 111104K, 28% used [0x00000000a0000000,0x00000000a1f08960,0x00000000a6c80000)
 Metaspace       used 57164K, capacity 58850K, committed 59028K, reserved 1099776K
  class space    used 7549K, capacity 8031K, committed 8084K, reserved 1048576K
}

Deoptimization events (10 events):
Event: 41.149 Thread 0x0000000018ef9000 Uncommon trap: reason=speculate_class_check action=maybe_recompile pc=0x0000000003eccf9c method=java.util.HashMap.removeNode(ILjava/lang/Object;Ljava/lang/Object;ZZ)Ljava/util/HashMap$Node; @ 283
Event: 41.277 Thread 0x0000000018ef9000 Uncommon trap: reason=unstable_if action=reinterpret pc=0x00000000034352bc method=java.util.HashMap.resize()[Ljava/util/HashMap$Node; @ 206
Event: 41.278 Thread 0x0000000018ef9000 Uncommon trap: reason=unstable_if action=reinterpret pc=0x0000000003889850 method=java.util.HashMap.putVal(ILjava/lang/Object;Ljava/lang/Object;ZZ)Ljava/lang/Object; @ 109
Event: 41.278 Thread 0x0000000018ef9000 Uncommon trap: reason=unstable_if action=reinterpret pc=0x000000000399c2bc method=java.util.HashMap.putVal(ILjava/lang/Object;Ljava/lang/Object;ZZ)Ljava/lang/Object; @ 109
Event: 41.289 Thread 0x0000000018ef9000 Uncommon trap: reason=unstable_if action=reinterpret pc=0x0000000003aed590 method=java.io.WinNTFileSystem.normalize(Ljava/lang/String;)Ljava/lang/String; @ 74
Event: 41.289 Thread 0x0000000018ef9000 Uncommon trap: reason=unstable_if action=reinterpret pc=0x000000000369660c method=java.io.WinNTFileSystem.normalize(Ljava/lang/String;II)Ljava/lang/String; @ 103
Event: 41.289 Thread 0x0000000018ef9000 Uncommon trap: reason=bimorphic action=maybe_recompile pc=0x0000000004011c10 method=com.google.common.base.Objects.equal(Ljava/lang/Object;Ljava/lang/Object;)Z @ 11
Event: 41.289 Thread 0x0000000018ef9000 Uncommon trap: reason=bimorphic action=maybe_recompile pc=0x0000000004011c10 method=com.google.common.base.Objects.equal(Ljava/lang/Object;Ljava/lang/Object;)Z @ 11
Event: 41.289 Thread 0x0000000018ef9000 Uncommon trap: reason=bimorphic action=maybe_recompile pc=0x0000000004011c10 method=com.google.common.base.Objects.equal(Ljava/lang/Object;Ljava/lang/Object;)Z @ 11
Event: 41.296 Thread 0x0000000018ef9000 Uncommon trap: reason=speculate_class_check action=maybe_recompile pc=0x0000000003eccf9c method=java.util.HashMap.removeNode(ILjava/lang/Object;Ljava/lang/Object;ZZ)Ljava/util/HashMap$Node; @ 283

Classes redefined (0 events):
No events

Internal exceptions (10 events):
Event: 38.708 Thread 0x0000000018ef9000 Exception <a 'java/lang/ClassNotFoundException': com/android/build/gradle/internal/dsl/BaseFlavorCustomizer> (0x00000000e8232d08) thrown at [C:\src\AOSP-openjdk-git\hotspot\src\share\vm\classfile\systemDictionary.cpp, line 210]
Event: 38.719 Thread 0x0000000018ef9000 Exception <a 'java/lang/ClassNotFoundException': com/android/build/gradle/internal/dsl/DefaultConfigCustomizer> (0x00000000e8295df8) thrown at [C:\src\AOSP-openjdk-git\hotspot\src\share\vm\classfile\systemDictionary.cpp, line 210]
Event: 38.720 Thread 0x0000000018ef9000 Exception <a 'java/lang/ClassNotFoundException': com/android/build/gradle/internal/dsl/DefaultConfig_DecoratedCustomizer> (0x00000000e82ccf10) thrown at [C:\src\AOSP-openjdk-git\hotspot\src\share\vm\classfile\systemDictionary.cpp, line 210]
Event: 39.225 Thread 0x0000000018ef9000 Exception <a 'java/lang/NoSuchMethodError': java.lang.Object.lambda$comparingInt$7b0bb60$1(Ljava/util/function/ToIntFunction;Ljava/lang/Object;Ljava/lang/Object;)I> (0x00000000e8eb9508) thrown at [C:\src\AOSP-openjdk-git\hotspot\src\share\vm\interpreter\l
Event: 41.109 Thread 0x0000000018ef9000 Exception <a 'java/lang/ClassNotFoundException': com/android/build/gradle/internal/api/ApkVariantOutputImpl_DecoratedBeanInfo> (0x00000000e0328688) thrown at [C:\src\AOSP-openjdk-git\hotspot\src\share\vm\classfile\systemDictionary.cpp, line 210]
Event: 41.110 Thread 0x0000000018ef9000 Exception <a 'java/lang/ClassNotFoundException': com/android/build/gradle/internal/api/ApkVariantOutputImplBeanInfo> (0x00000000e034a900) thrown at [C:\src\AOSP-openjdk-git\hotspot\src\share\vm\classfile\systemDictionary.cpp, line 210]
Event: 41.110 Thread 0x0000000018ef9000 Exception <a 'java/lang/ClassNotFoundException': com/android/build/gradle/internal/api/BaseVariantOutputImplBeanInfo> (0x00000000e036dfe0) thrown at [C:\src\AOSP-openjdk-git\hotspot\src\share\vm\classfile\systemDictionary.cpp, line 210]
Event: 41.112 Thread 0x0000000018ef9000 Exception <a 'java/lang/ClassNotFoundException': com/android/build/gradle/internal/api/BaseVariantOutputImplCustomizer> (0x00000000e0391eb8) thrown at [C:\src\AOSP-openjdk-git\hotspot\src\share\vm\classfile\systemDictionary.cpp, line 210]
Event: 41.114 Thread 0x0000000018ef9000 Exception <a 'java/lang/ClassNotFoundException': com/android/build/gradle/internal/api/ApkVariantOutputImplCustomizer> (0x00000000e03cf908) thrown at [C:\src\AOSP-openjdk-git\hotspot\src\share\vm\classfile\systemDictionary.cpp, line 210]
Event: 41.116 Thread 0x0000000018ef9000 Exception <a 'java/lang/ClassNotFoundException': com/android/build/gradle/internal/api/ApkVariantOutputImpl_DecoratedCustomizer> (0x00000000e04084f8) thrown at [C:\src\AOSP-openjdk-git\hotspot\src\share\vm\classfile\systemDictionary.cpp, line 210]

Events (10 events):
Event: 41.408 loading class org/jetbrains/kotlin/gradle/tasks/AbstractKotlinCompile$friendPaths$1
Event: 41.408 loading class org/jetbrains/kotlin/gradle/tasks/AbstractKotlinCompile$friendPaths$1 done
Event: 41.409 loading class org/jetbrains/kotlin/gradle/tasks/AbstractKotlinCompile$kotlinLogger$2
Event: 41.409 loading class org/jetbrains/kotlin/gradle/tasks/AbstractKotlinCompile$kotlinLogger$2 done
Event: 41.410 loading class org/jetbrains/kotlin/gradle/tasks/FilteringSourceRootsContainer$1
Event: 41.410 loading class org/jetbrains/kotlin/gradle/tasks/FilteringSourceRootsContainer$1 done
Event: 41.421 loading class kotlin/properties/ReadWriteProperty
Event: 41.421 loading class kotlin/properties/ReadWriteProperty done
Event: 41.445 loading class org/jetbrains/kotlin/gradle/plugin/KotlinCompilation$DefaultImpls
Event: 41.445 loading class org/jetbrains/kotlin/gradle/plugin/KotlinCompilation$DefaultImpls done


Dynamic libraries:
0x00007ff7fc100000 - 0x00007ff7fc131000 	C:\Program Files\Android\Android Studio\jre\bin\java.exe
0x00007ffd23a20000 - 0x00007ffd23c10000 	C:\Windows\SYSTEM32\ntdll.dll
0x00007ffd22900000 - 0x00007ffd229b2000 	C:\Windows\System32\KERNEL32.DLL
0x00007ffd21820000 - 0x00007ffd21ac5000 	C:\Windows\System32\KERNELBASE.dll
0x00007ffd23090000 - 0x00007ffd23133000 	C:\Windows\System32\ADVAPI32.dll
0x00007ffd23500000 - 0x00007ffd2359e000 	C:\Windows\System32\msvcrt.dll
0x00007ffd236e0000 - 0x00007ffd23777000 	C:\Windows\System32\sechost.dll
0x00007ffd23250000 - 0x00007ffd23370000 	C:\Windows\System32\RPCRT4.dll
0x00007ffd23840000 - 0x00007ffd239d4000 	C:\Windows\System32\USER32.dll
0x00007ffd209a0000 - 0x00007ffd209c1000 	C:\Windows\System32\win32u.dll
0x00007ffd221e0000 - 0x00007ffd22206000 	C:\Windows\System32\GDI32.dll
0x00007ffd21680000 - 0x00007ffd21816000 	C:\Windows\System32\gdi32full.dll
0x00007ffd214e0000 - 0x00007ffd2157e000 	C:\Windows\System32\msvcp_win.dll
0x00007ffd21580000 - 0x00007ffd2167a000 	C:\Windows\System32\ucrtbase.dll
0x00007ffd0a810000 - 0x00007ffd0aa94000 	C:\Windows\WinSxS\amd64_microsoft.windows.common-controls_6595b64144ccf1df_6.0.18362.1198_none_9e820b57e45ad92f\COMCTL32.dll
0x00007ffd21e20000 - 0x00007ffd22155000 	C:\Windows\System32\combase.dll
0x00007ffd20c30000 - 0x00007ffd20cb0000 	C:\Windows\System32\bcryptPrimitives.dll
0x00007ffd23150000 - 0x00007ffd2317e000 	C:\Windows\System32\IMM32.DLL
0x000000005cab0000 - 0x000000005cb82000 	C:\Program Files\Android\Android Studio\jre\jre\bin\msvcr100.dll
0x000000005cb90000 - 0x000000005d3db000 	C:\Program Files\Android\Android Studio\jre\jre\bin\server\jvm.dll
0x00007ffd21cb0000 - 0x00007ffd21cb8000 	C:\Windows\System32\PSAPI.DLL
0x00007ffd13df0000 - 0x00007ffd13dfa000 	C:\Windows\SYSTEM32\VERSION.dll
0x00007ffd1ce90000 - 0x00007ffd1ceb4000 	C:\Windows\SYSTEM32\WINMM.dll
0x00007ffd1ce60000 - 0x00007ffd1ce8d000 	C:\Windows\SYSTEM32\winmmbase.dll
0x00007ffd21460000 - 0x00007ffd214aa000 	C:\Windows\System32\cfgmgr32.dll
0x00007ffd19cd0000 - 0x00007ffd19cd9000 	C:\Windows\SYSTEM32\WSOCK32.dll
0x00007ffd23370000 - 0x00007ffd233df000 	C:\Windows\System32\WS2_32.dll
0x00007ffd1cff0000 - 0x00007ffd1cfff000 	C:\Program Files\Android\Android Studio\jre\jre\bin\verify.dll
0x00007ffd192d0000 - 0x00007ffd192f9000 	C:\Program Files\Android\Android Studio\jre\jre\bin\java.dll
0x00007ffd14950000 - 0x00007ffd14966000 	C:\Program Files\Android\Android Studio\jre\jre\bin\zip.dll
0x00007ffd22210000 - 0x00007ffd228f7000 	C:\Windows\System32\SHELL32.dll
0x00007ffd233e0000 - 0x00007ffd23489000 	C:\Windows\System32\shcore.dll
0x00007ffd20cd0000 - 0x00007ffd21451000 	C:\Windows\System32\windows.storage.dll
0x00007ffd208e0000 - 0x00007ffd20903000 	C:\Windows\System32\profapi.dll
0x00007ffd20930000 - 0x00007ffd2097a000 	C:\Windows\System32\powrprof.dll
0x00007ffd208d0000 - 0x00007ffd208e0000 	C:\Windows\System32\UMPDC.dll
0x00007ffd21dc0000 - 0x00007ffd21e12000 	C:\Windows\System32\shlwapi.dll
0x00007ffd20910000 - 0x00007ffd20921000 	C:\Windows\System32\kernel.appcore.dll
0x00007ffd20cb0000 - 0x00007ffd20cc7000 	C:\Windows\System32\cryptsp.dll
0x00007ffd148f0000 - 0x00007ffd1490a000 	C:\Program Files\Android\Android Studio\jre\jre\bin\net.dll
0x00007ffd20120000 - 0x00007ffd20187000 	C:\Windows\system32\mswsock.dll
0x00007ffd148d0000 - 0x00007ffd148e3000 	C:\Program Files\Android\Android Studio\jre\jre\bin\nio.dll
0x00007ffd0a4a0000 - 0x00007ffd0a4c6000 	C:\Users\Administrator\.gradle\native\30\windows-amd64\native-platform.dll
0x00007ffd1bb00000 - 0x00007ffd1bb0d000 	C:\Program Files\Android\Android Studio\jre\jre\bin\management.dll
0x00007ffd1fc90000 - 0x00007ffd1fcc3000 	C:\Windows\system32\rsaenh.dll
0x00007ffd214b0000 - 0x00007ffd214d6000 	C:\Windows\System32\bcrypt.dll
0x00007ffd207f0000 - 0x00007ffd20815000 	C:\Windows\SYSTEM32\USERENV.dll
0x00007ffd202f0000 - 0x00007ffd202fc000 	C:\Windows\SYSTEM32\CRYPTBASE.dll
0x00007ffd1fe30000 - 0x00007ffd1fe6a000 	C:\Windows\SYSTEM32\IPHLPAPI.DLL
0x00007ffd21cc0000 - 0x00007ffd21cc8000 	C:\Windows\System32\NSI.dll
0x00007ffd159b0000 - 0x00007ffd159c6000 	C:\Windows\SYSTEM32\dhcpcsvc6.DLL
0x00007ffd15960000 - 0x00007ffd1597c000 	C:\Windows\SYSTEM32\dhcpcsvc.DLL
0x00007ffd1fe70000 - 0x00007ffd1ff3b000 	C:\Windows\SYSTEM32\DNSAPI.dll

VM Arguments:
jvm_args: -Xmx1536M -Dfile.encoding=windows-1252 -Duser.country=US -Duser.language=en -Duser.variant 
java_command: org.gradle.launcher.daemon.bootstrap.GradleDaemon 5.6.2
java_class_path (initial): C:\Users\Administrator\.gradle\wrapper\dists\gradle-5.6.2-all\9st6wgf78h16so49nn74lgtbb\gradle-5.6.2\lib\gradle-launcher-5.6.2.jar
Launcher Type: SUN_STANDARD

Environment Variables:
JAVA_HOME=C:\Program Files\Android\Android Studio\jre
CLASSPATH=C:\Users\Administrator\Desktop\#100DaysOfCode\AngelaCourses\flash_chat\android\\gradle\wrapper\gradle-wrapper.jar
PATH=C:\Program Files (x86)\Common Files\Intel\Shared Libraries\redist\intel64\compiler;C:\Users\Administrator\AppData\Local\Programs\Julia\Julia-1.4.1\bin;F:\skd_file\src\flutter\bin;C:\Users\Administrator\AppData\Roaming\Adobe\Adobe Photoshop 2020\Adobe Photoshop 2020;C:\Users\Administrator\AppData\Roaming\Adobe\Save for Web;C:\Users;C:\src\flutter\bin;C:\Program Files\Java\jdk1.8.0_201\bin;C:\Program Files\Java\jre1.8.0_241\bin;C:\Program Files (x86)\Common Files\Oracle\Java\javapath;C:\Windows\system32;C:\Windows;C:\Windows\System32\Wbem;C:\Windows\System32\WindowsPowerShell\v1.0\;C:\Windows\System32\OpenSSH\;C:\Program Files\Dart\dart-sdk\bin;C:\Program Files\Git\cmd;C:\Program Files (x86)\Microsoft SQL Server\150\DTS\Binn\;C:\Program Files\Microsoft SQL Server\Client SDK\ODBC\170\Tools\Binn\;C:\Program Files (x86)\Microsoft SQL Server\150\Tools\Binn\;C:\Program Files\Microsoft SQL Server\150\Tools\Binn\;C:\Program Files\Microsoft SQL Server\150\DTS\Binn\;C:\Users\Administrator\AppData\Local\Programs\Python\Python38-32\Scripts\;C:\Users\Administrator\AppData\Local\Programs\Python\Python38-32\;C:\Users\Administrator\AppData\Local\Microsoft\WindowsApps;C:\Program Files\JetBrains\PyCharm Community Edition 2019.1.2\bin;;C:\Program Files\JetBrains\IntelliJ IDEA Community Edition 2019.3.4\bin;;C:\Users\Administrator\AppData\Local\Programs\Microsoft VS Code\bin;C:\Users\Administrator\AppData\Local\GitHubDesktop\bin;F:\skd_file\src\flutter\bin\mingit\cmd
USERNAME=Wilhit
OS=Windows_NT
PROCESSOR_IDENTIFIER=Intel64 Family 6 Model 61 Stepping 4, GenuineIntel



---------------  S Y S T E M  ---------------

OS: Windows 10.0 , 64 bit Build 18362 (10.0.18362.1110)

CPU:total 4 (initial active 4) (2 cores per cpu, 2 threads per core) family 6 model 61 stepping 4, cmov, cx8, fxsr, mmx, sse, sse2, sse3, ssse3, sse4.1, sse4.2, popcnt, avx, avx2, aes, clmul, erms, 3dnowpref, lzcnt, ht, tsc, tscinvbit, bmi1, bmi2, adx

Memory: 4k page, physical 12373080k(819172k free), swap 17493080k(5592k free)

vm_info: OpenJDK 64-Bit Server VM (25.242-b01) for windows-amd64 JRE (1.8.0_242-release-1644-b01), built by "builder" with MS VC++ 10.0 (VS2010)

time: Wed Dec 02 16:17:38 2020
timezone: Namibia Standard Time
elapsed time: 41 seconds (0d 0h 0m 41s)

