#
# There is insufficient memory for the Java Runtime Environment to continue.
# Native memory allocation (malloc) failed to allocate 996896 bytes for Chunk::new
# Possible reasons:
#   The system is out of physical RAM or swap space
#   The process is running with CompressedOops enabled, and the Java Heap may be blocking the growth of the native heap
# Possible solutions:
#   Reduce memory load on the system
#   Increase physical memory or swap space
#   Check if swap backing store is full
#   Decrease Java heap size (-Xmx/-Xms)
#   Decrease number of Java threads
#   Decrease Java thread stack sizes (-Xss)
#   Set larger code cache with -XX:ReservedCodeCacheSize=
#   JVM is running with Unscaled Compressed Oops mode in which the Java heap is
#     placed in the first 4GB address space. The Java Heap base address is the
#     maximum limit for the native heap growth. Please use -XX:HeapBaseMinAddress
#     to set the Java Heap base and to place the Java Heap above 4GB virtual address.
# This output file may be truncated or incomplete.
#
#  Out of Memory Error (allocation.cpp:389), pid=14248, tid=0x0000000000002190
#
# JRE version: OpenJDK Runtime Environment (8.0_242-b01) (build 1.8.0_242-release-1644-b01)
# Java VM: OpenJDK 64-Bit Server VM (25.242-b01 mixed mode windows-amd64 compressed oops)
# Failed to write core dump. Minidumps are not enabled by default on client versions of Windows
#

---------------  T H R E A D  ---------------

Current thread (0x00000000161c5800):  JavaThread "C2 CompilerThread0" daemon [_thread_in_native, id=8592, stack(0x0000000017830000,0x0000000017930000)]

Stack: [0x0000000017830000,0x0000000017930000]
[error occurred during error reporting (printing stack bounds), id 0xc0000005]

Native frames: (J=compiled Java code, j=interpreted, Vv=VM code, C=native code)


Current CompileTask:
C2:4945968 16282       4       org.objectweb.asm.commons.Remapper::mapType (121 bytes)


---------------  P R O C E S S  ---------------

Java Threads: ( => current thread )
  0x000000001eb6f800 JavaThread "File lock release action executor Thread 2" [_thread_blocked, id=4288, stack(0x0000000026110000,0x0000000026210000)]
  0x000000001eb74000 JavaThread "Cache worker for Build Output Cleanup Cache (C:\Users\Administrator\Desktop\#100DaysOfCode\AngelaCourses\flash_chat\android\.gradle\buildOutputCleanup)" [_thread_blocked, id=13052, stack(0x0000000025e10000,0x0000000025f10000)]
  0x000000001eb75000 JavaThread "Build operations Thread 4" [_thread_blocked, id=17652, stack(0x0000000020700000,0x0000000020800000)]
  0x000000001eb73800 JavaThread "Build operations Thread 3" [_thread_blocked, id=12396, stack(0x0000000020200000,0x0000000020300000)]
  0x000000001eb72800 JavaThread "Build operations Thread 2" [_thread_blocked, id=11844, stack(0x000000001f840000,0x000000001f940000)]
  0x000000001eb6e000 JavaThread "Build operations" [_thread_in_Java, id=18048, stack(0x000000001b750000,0x000000001b850000)]
  0x000000001eb72000 JavaThread "Cache worker for cache directory md-rule (C:\Users\Administrator\.gradle\caches\5.6.2\md-rule)" [_thread_blocked, id=9328, stack(0x000000001dd20000,0x000000001de20000)]
  0x000000001eb6a800 JavaThread "Cache worker for cache directory md-supplier (C:\Users\Administrator\.gradle\caches\5.6.2\md-supplier)" [_thread_blocked, id=8920, stack(0x000000001dc20000,0x000000001dd20000)]
  0x000000001eb69800 JavaThread "Cache worker for file hash cache (C:\Users\Administrator\Desktop\#100DaysOfCode\AngelaCourses\flash_chat\android\.gradle\5.6.2\fileHashes)" [_thread_blocked, id=4872, stack(0x000000001d320000,0x000000001d420000)]
  0x000000001eb70800 JavaThread "Thread-55" [_thread_blocked, id=3140, stack(0x000000001ba50000,0x000000001bb50000)]
  0x000000001eb68000 JavaThread "Asynchronous log dispatcher for DefaultDaemonConnection: socket connection from /127.0.0.1:52346 to /127.0.0.1:61362" [_thread_blocked, id=8012, stack(0x000000001b650000,0x000000001b750000)]
  0x000000001eb69000 JavaThread "Daemon worker Thread 3" [_thread_blocked, id=388, stack(0x000000001b350000,0x000000001b450000)]
  0x000000001eb6d800 JavaThread "Cancel handler" [_thread_blocked, id=10068, stack(0x000000001b250000,0x000000001b350000)]
  0x000000001eb6b000 JavaThread "Handler for socket connection from /127.0.0.1:52346 to /127.0.0.1:61362" [_thread_in_native, id=6944, stack(0x0000000000c50000,0x0000000000d50000)]
  0x000000001eb6c800 JavaThread "Daemon Thread 3" [_thread_blocked, id=9840, stack(0x0000000000b50000,0x0000000000c50000)]
  0x000000001eb6f000 JavaThread "Cache worker for file content cache (C:\Users\Administrator\.gradle\caches\5.6.2\fileContent)" [_thread_blocked, id=13816, stack(0x0000000021fd0000,0x00000000220d0000)]
  0x00000000191fa800 JavaThread "Memory manager" [_thread_blocked, id=17684, stack(0x0000000000a50000,0x0000000000b50000)]
  0x00000000191f3000 JavaThread "Cache worker for execution history cache (C:\Users\Administrator\.gradle\caches\5.6.2\executionHistory)" [_thread_blocked, id=3104, stack(0x000000001de20000,0x000000001df20000)]
  0x0000000018955000 JavaThread "Cache worker for journal cache (C:\Users\Administrator\.gradle\caches\journal-1)" [_thread_blocked, id=15488, stack(0x000000001bf50000,0x000000001c050000)]
  0x0000000018954000 JavaThread "File lock request listener" [_thread_in_native, id=12084, stack(0x000000001be50000,0x000000001bf50000)]
  0x0000000018955800 JavaThread "Cache worker for file hash cache (C:\Users\Administrator\.gradle\caches\5.6.2\fileHashes)" [_thread_blocked, id=14172, stack(0x000000001bd50000,0x000000001be50000)]
  0x0000000019b05800 JavaThread "Daemon periodic checks" [_thread_blocked, id=14844, stack(0x000000001b150000,0x000000001b250000)]
  0x0000000019afa800 JavaThread "Incoming local TCP Connector on port 52346" [_thread_in_native, id=3420, stack(0x000000001af10000,0x000000001b010000)]
  0x0000000019a7c000 JavaThread "Daemon health stats" [_thread_blocked, id=16156, stack(0x000000001a8d0000,0x000000001a9d0000)]
  0x0000000017b58800 JavaThread "Service Thread" daemon [_thread_blocked, id=18180, stack(0x0000000017f30000,0x0000000018030000)]
  0x00000000161d9000 JavaThread "C1 CompilerThread2" daemon [_thread_blocked, id=10504, stack(0x0000000017a30000,0x0000000017b30000)]
  0x00000000161cb000 JavaThread "C2 CompilerThread1" daemon [_thread_in_native, id=16588, stack(0x0000000017930000,0x0000000017a30000)]
=>0x00000000161c5800 JavaThread "C2 CompilerThread0" daemon [_thread_in_native, id=8592, stack(0x0000000017830000,0x0000000017930000)]
  0x00000000161c4000 JavaThread "Attach Listener" daemon [_thread_blocked, id=15136, stack(0x0000000017730000,0x0000000017830000)]
  0x00000000161c3000 JavaThread "Signal Dispatcher" daemon [_thread_blocked, id=15292, stack(0x0000000017630000,0x0000000017730000)]
  0x000000000284b800 JavaThread "Finalizer" daemon [_thread_blocked, id=8168, stack(0x0000000017430000,0x0000000017530000)]
  0x00000000161a9000 JavaThread "Reference Handler" daemon [_thread_blocked, id=14692, stack(0x0000000017330000,0x0000000017430000)]
  0x0000000002752800 JavaThread "main" [_thread_blocked, id=1516, stack(0x0000000002650000,0x0000000002750000)]

Other Threads:
  0x0000000016185800 VMThread [stack: 0x0000000017230000,0x0000000017330000] [id=18468]
  0x000000001621b800 WatcherThread [stack: 0x0000000018030000,0x0000000018130000] [id=14004]

VM state:not at safepoint (normal execution)

VM Mutex/Monitor currently owned by a thread: None

heap address: 0x00000000a0000000, size: 1536 MB, Compressed Oops mode: 32-bit
Narrow klass base: 0x0000000000000000, Narrow klass shift: 3
Compressed class space size: 1073741824 Address: 0x0000000100000000

Heap:
 PSYoungGen      total 248832K, used 149612K [0x00000000e0000000, 0x00000000f3e80000, 0x0000000100000000)
  eden space 205312K, 72% used [0x00000000e0000000,0x00000000e921b018,0x00000000ec880000)
  from space 43520K, 0% used [0x00000000ecf80000,0x00000000ecf80000,0x00000000efa00000)
  to   space 60416K, 0% used [0x00000000f0380000,0x00000000f0380000,0x00000000f3e80000)
 ParOldGen       total 280064K, used 111748K [0x00000000a0000000, 0x00000000b1180000, 0x00000000e0000000)
  object space 280064K, 39% used [0x00000000a0000000,0x00000000a6d211f0,0x00000000b1180000)
 Metaspace       used 103842K, capacity 108300K, committed 112512K, reserved 1146880K
  class space    used 13582K, capacity 14554K, committed 15232K, reserved 1048576K

Card table byte_map: [0x0000000011c10000,0x0000000011f20000] byte_map_base: 0x0000000011710000

Marking Bits: (ParMarkBitMap*) 0x000000005d35f030
 Begin Bits: [0x0000000012520000, 0x0000000013d20000)
 End Bits:   [0x0000000013d20000, 0x0000000015520000)

Polling page: 0x0000000000860000

CodeCache: size=245760Kb used=46544Kb max_used=46551Kb free=199215Kb
 bounds [0x0000000002850000, 0x0000000005610000, 0x0000000011850000]
 total_blobs=14410 nmethods=13513 adapters=808
 compilation: enabled

Compilation events (10 events):
Event: 4945.950 Thread 0x00000000161d9000 16351       2       org.objectweb.asm.signature.SignatureReader::acceptType (11 bytes)
Event: 4945.950 Thread 0x00000000161d9000 nmethod 16351 0x00000000055f9410 code [0x00000000055f9580, 0x00000000055f9708]
Event: 4945.956 Thread 0x00000000161d9000 16353       2       org.objectweb.asm.commons.SignatureRemapper::visitInterface (10 bytes)
Event: 4945.957 Thread 0x00000000161d9000 nmethod 16353 0x00000000055f9090 code [0x00000000055f9200, 0x00000000055f9388]
Event: 4945.957 Thread 0x00000000161d9000 16354       2       org.objectweb.asm.signature.SignatureWriter::visitInterface (2 bytes)
Event: 4945.957 Thread 0x00000000161d9000 nmethod 16354 0x00000000055f8d50 code [0x00000000055f8ea0, 0x00000000055f8ff0]
Event: 4945.958 Thread 0x00000000161d9000 16355       2       org.objectweb.asm.commons.SignatureRemapper::visitSuperclass (10 bytes)
Event: 4945.958 Thread 0x00000000161d9000 nmethod 16355 0x00000000055f89d0 code [0x00000000055f8b40, 0x00000000055f8cc8]
Event: 4945.958 Thread 0x00000000161d9000 16356       2       org.objectweb.asm.signature.SignatureWriter::visitSuperclass (6 bytes)
Event: 4945.959 Thread 0x00000000161d9000 nmethod 16356 0x00000000055f85d0 code [0x00000000055f8740, 0x00000000055f88e8]

GC Heap History (10 events):
Event: 4644.465 GC heap before
{Heap before GC invocations=26 (full 4):
 PSYoungGen      total 243712K, used 243642K [0x00000000e0000000, 0x00000000f3a00000, 0x0000000100000000)
  eden space 220160K, 100% used [0x00000000e0000000,0x00000000ed700000,0x00000000ed700000)
  from space 23552K, 99% used [0x00000000ede80000,0x00000000ef56eb48,0x00000000ef580000)
  to   space 50688K, 0% used [0x00000000f0880000,0x00000000f0880000,0x00000000f3a00000)
 ParOldGen       total 257536K, used 129530K [0x00000000a0000000, 0x00000000afb80000, 0x00000000e0000000)
  object space 257536K, 50% used [0x00000000a0000000,0x00000000a7e7ea98,0x00000000afb80000)
 Metaspace       used 101765K, capacity 106970K, committed 107264K, reserved 1142784K
  class space    used 13365K, capacity 14499K, committed 14592K, reserved 1048576K
Event: 4644.643 GC heap after
Heap after GC invocations=26 (full 4):
 PSYoungGen      total 263168K, used 40519K [0x00000000e0000000, 0x00000000f3c80000, 0x0000000100000000)
  eden space 212480K, 0% used [0x00000000e0000000,0x00000000e0000000,0x00000000ecf80000)
  from space 50688K, 79% used [0x00000000f0880000,0x00000000f3011ce8,0x00000000f3a00000)
  to   space 55808K, 0% used [0x00000000ecf80000,0x00000000ecf80000,0x00000000f0600000)
 ParOldGen       total 257536K, used 129538K [0x00000000a0000000, 0x00000000afb80000, 0x00000000e0000000)
  object space 257536K, 50% used [0x00000000a0000000,0x00000000a7e80a98,0x00000000afb80000)
 Metaspace       used 101765K, capacity 106970K, committed 107264K, reserved 1142784K
  class space    used 13365K, capacity 14499K, committed 14592K, reserved 1048576K
}
Event: 4932.231 GC heap before
{Heap before GC invocations=27 (full 4):
 PSYoungGen      total 263168K, used 252999K [0x00000000e0000000, 0x00000000f3c80000, 0x0000000100000000)
  eden space 212480K, 100% used [0x00000000e0000000,0x00000000ecf80000,0x00000000ecf80000)
  from space 50688K, 79% used [0x00000000f0880000,0x00000000f3011ce8,0x00000000f3a00000)
  to   space 55808K, 0% used [0x00000000ecf80000,0x00000000ecf80000,0x00000000f0600000)
 ParOldGen       total 257536K, used 129538K [0x00000000a0000000, 0x00000000afb80000, 0x00000000e0000000)
  object space 257536K, 50% used [0x00000000a0000000,0x00000000a7e80a98,0x00000000afb80000)
 Metaspace       used 106701K, capacity 112206K, committed 112256K, reserved 1146880K
  class space    used 14024K, capacity 15217K, committed 15232K, reserved 1048576K
Event: 4932.598 GC heap after
Heap after GC invocations=27 (full 4):
 PSYoungGen      total 248832K, used 43090K [0x00000000e0000000, 0x00000000f3e80000, 0x0000000100000000)
  eden space 205312K, 0% used [0x00000000e0000000,0x00000000e0000000,0x00000000ec880000)
  from space 43520K, 99% used [0x00000000ecf80000,0x00000000ef994a20,0x00000000efa00000)
  to   space 60416K, 0% used [0x00000000f0380000,0x00000000f0380000,0x00000000f3e80000)
 ParOldGen       total 257536K, used 129546K [0x00000000a0000000, 0x00000000afb80000, 0x00000000e0000000)
  object space 257536K, 50% used [0x00000000a0000000,0x00000000a7e82a98,0x00000000afb80000)
 Metaspace       used 106701K, capacity 112206K, committed 112256K, reserved 1146880K
  class space    used 14024K, capacity 15217K, committed 15232K, reserved 1048576K
}
Event: 4937.180 GC heap before
{Heap before GC invocations=28 (full 4):
 PSYoungGen      total 248832K, used 239793K [0x00000000e0000000, 0x00000000f3e80000, 0x0000000100000000)
  eden space 205312K, 95% used [0x00000000e0000000,0x00000000ec017cb8,0x00000000ec880000)
  from space 43520K, 99% used [0x00000000ecf80000,0x00000000ef994a20,0x00000000efa00000)
  to   space 60416K, 0% used [0x00000000f0380000,0x00000000f0380000,0x00000000f3e80000)
 ParOldGen       total 257536K, used 129546K [0x00000000a0000000, 0x00000000afb80000, 0x00000000e0000000)
  object space 257536K, 50% used [0x00000000a0000000,0x00000000a7e82a98,0x00000000afb80000)
 Metaspace       used 106829K, capacity 112346K, committed 112512K, reserved 1146880K
  class space    used 14032K, capacity 15219K, committed 15232K, reserved 1048576K
Event: 4937.348 GC heap after
Heap after GC invocations=28 (full 4):
 PSYoungGen      total 265728K, used 60395K [0x00000000e0000000, 0x00000000f3e80000, 0x0000000100000000)
  eden space 205312K, 0% used [0x00000000e0000000,0x00000000e0000000,0x00000000ec880000)
  from space 60416K, 99% used [0x00000000f0380000,0x00000000f3e7adb8,0x00000000f3e80000)
  to   space 43520K, 0% used [0x00000000ecf80000,0x00000000ecf80000,0x00000000efa00000)
 ParOldGen       total 257536K, used 190333K [0x00000000a0000000, 0x00000000afb80000, 0x00000000e0000000)
  object space 257536K, 73% used [0x00000000a0000000,0x00000000ab9df6c8,0x00000000afb80000)
 Metaspace       used 106829K, capacity 112346K, committed 112512K, reserved 1146880K
  class space    used 14032K, capacity 15219K, committed 15232K, reserved 1048576K
}
Event: 4940.759 GC heap before
{Heap before GC invocations=29 (full 4):
 PSYoungGen      total 265728K, used 265707K [0x00000000e0000000, 0x00000000f3e80000, 0x0000000100000000)
  eden space 205312K, 100% used [0x00000000e0000000,0x00000000ec880000,0x00000000ec880000)
  from space 60416K, 99% used [0x00000000f0380000,0x00000000f3e7adb8,0x00000000f3e80000)
  to   space 43520K, 0% used [0x00000000ecf80000,0x00000000ecf80000,0x00000000efa00000)
 ParOldGen       total 257536K, used 190333K [0x00000000a0000000, 0x00000000afb80000, 0x00000000e0000000)
  object space 257536K, 73% used [0x00000000a0000000,0x00000000ab9df6c8,0x00000000afb80000)
 Metaspace       used 106844K, capacity 112350K, committed 112512K, reserved 1146880K
  class space    used 14032K, capacity 15219K, committed 15232K, reserved 1048576K
Event: 4941.067 GC heap after
Heap after GC invocations=29 (full 4):
 PSYoungGen      total 248832K, used 43496K [0x00000000e0000000, 0x00000000f3e80000, 0x0000000100000000)
  eden space 205312K, 0% used [0x00000000e0000000,0x00000000e0000000,0x00000000ec880000)
  from space 43520K, 99% used [0x00000000ecf80000,0x00000000ef9fa3c0,0x00000000efa00000)
  to   space 60416K, 0% used [0x00000000f0380000,0x00000000f0380000,0x00000000f3e80000)
 ParOldGen       total 290816K, used 265870K [0x00000000a0000000, 0x00000000b1c00000, 0x00000000e0000000)
  object space 290816K, 91% used [0x00000000a0000000,0x00000000b03a39e8,0x00000000b1c00000)
 Metaspace       used 106844K, capacity 112350K, committed 112512K, reserved 1146880K
  class space    used 14032K, capacity 15219K, committed 15232K, reserved 1048576K
}
Event: 4941.067 GC heap before
{Heap before GC invocations=30 (full 5):
 PSYoungGen      total 248832K, used 43496K [0x00000000e0000000, 0x00000000f3e80000, 0x0000000100000000)
  eden space 205312K, 0% used [0x00000000e0000000,0x00000000e0000000,0x00000000ec880000)
  from space 43520K, 99% used [0x00000000ecf80000,0x00000000ef9fa3c0,0x00000000efa00000)
  to   space 60416K, 0% used [0x00000000f0380000,0x00000000f0380000,0x00000000f3e80000)
 ParOldGen       total 290816K, used 265870K [0x00000000a0000000, 0x00000000b1c00000, 0x00000000e0000000)
  object space 290816K, 91% used [0x00000000a0000000,0x00000000b03a39e8,0x00000000b1c00000)
 Metaspace       used 106844K, capacity 112350K, committed 112512K, reserved 1146880K
  class space    used 14032K, capacity 15219K, committed 15232K, reserved 1048576K
Event: 4945.408 GC heap after
Heap after GC invocations=30 (full 5):
 PSYoungGen      total 248832K, used 0K [0x00000000e0000000, 0x00000000f3e80000, 0x0000000100000000)
  eden space 205312K, 0% used [0x00000000e0000000,0x00000000e0000000,0x00000000ec880000)
  from space 43520K, 0% used [0x00000000ecf80000,0x00000000ecf80000,0x00000000efa00000)
  to   space 60416K, 0% used [0x00000000f0380000,0x00000000f0380000,0x00000000f3e80000)
 ParOldGen       total 280064K, used 111748K [0x00000000a0000000, 0x00000000b1180000, 0x00000000e0000000)
  object space 280064K, 39% used [0x00000000a0000000,0x00000000a6d211f0,0x00000000b1180000)
 Metaspace       used 103839K, capacity 108300K, committed 112512K, reserved 1146880K
  class space    used 13582K, capacity 14554K, committed 15232K, reserved 1048576K
}

Deoptimization events (10 events):
Event: 4932.665 Thread 0x000000001eb72800 Uncommon trap: reason=class_check action=maybe_recompile pc=0x00000000050a934c method=java.util.regex.Pattern$SliceI.match(Ljava/util/regex/Matcher;ILjava/lang/CharSequence;)Z @ 92
Event: 4933.982 Thread 0x000000001eb72800 Uncommon trap: reason=unstable_if action=reinterpret pc=0x00000000041a8cb0 method=java.lang.String.regionMatches(ZILjava/lang/String;II)Z @ 25
Event: 4933.988 Thread 0x000000001eb72800 Uncommon trap: reason=range_check action=make_not_entrant pc=0x00000000054fd038 method=org.objectweb.asm.Type.getType([CI)Lorg/objectweb/asm/Type; @ 2
Event: 4939.379 Thread 0x000000001eb73800 Uncommon trap: reason=unstable_if action=reinterpret pc=0x000000000508c89c method=org.objectweb.asm.ClassReader.readUTF(II[C)Ljava/lang/String; @ 77
Event: 4939.379 Thread 0x000000001eb73800 Uncommon trap: reason=unstable_if action=reinterpret pc=0x000000000505e010 method=org.objectweb.asm.ByteVector.putUTF8(Ljava/lang/String;)Lorg/objectweb/asm/ByteVector; @ 91
Event: 4939.382 Thread 0x000000001eb73800 Uncommon trap: reason=unstable_if action=reinterpret pc=0x00000000038fa334 method=org.objectweb.asm.ClassReader.readUTF(II[C)Ljava/lang/String; @ 77
Event: 4939.382 Thread 0x000000001eb73800 Uncommon trap: reason=unstable_if action=reinterpret pc=0x00000000036e578c method=org.objectweb.asm.ByteVector.putUTF8(Ljava/lang/String;)Lorg/objectweb/asm/ByteVector; @ 91
Event: 4945.497 Thread 0x000000001eb6e000 Uncommon trap: reason=range_check action=make_not_entrant pc=0x00000000055314d0 method=org.objectweb.asm.Type.getType([CI)Lorg/objectweb/asm/Type; @ 2
Event: 4945.559 Thread 0x000000001eb6e000 Uncommon trap: reason=unstable_if action=reinterpret pc=0x00000000055cdfe4 method=org.objectweb.asm.ByteVector.putUTF8(Ljava/lang/String;)Lorg/objectweb/asm/ByteVector; @ 98
Event: 4945.702 Thread 0x000000001eb6e000 Uncommon trap: reason=unstable_if action=reinterpret pc=0x0000000005569818 method=org.objectweb.asm.Type.getDimensions()I @ 15

Classes redefined (0 events):
No events

Internal exceptions (10 events):
Event: 4863.261 Thread 0x000000001eb69000 Exception <a 'java/net/ConnectException': Connection timed out: connect> (0x00000000e6007898) thrown at [C:\src\AOSP-openjdk-git\hotspot\src\share\vm\prims\jni.cpp, line 737]
Event: 4911.836 Thread 0x000000001eb69000 Exception <a 'java/net/SocketTimeoutException': Read timed out> (0x00000000e67b1698) thrown at [C:\src\AOSP-openjdk-git\hotspot\src\share\vm\prims\jni.cpp, line 737]
Event: 4929.515 Thread 0x000000001eb69000 Exception <a 'java/lang/NoSuchMethodError': <clinit>> (0x00000000e7fee1f8) thrown at [C:\src\AOSP-openjdk-git\hotspot\src\share\vm\prims\jni.cpp, line 1615]
Event: 4929.520 Thread 0x000000001eb69000 Exception <a 'java/lang/NoSuchMethodError': <clinit>> (0x00000000e80c0158) thrown at [C:\src\AOSP-openjdk-git\hotspot\src\share\vm\prims\jni.cpp, line 1615]
Event: 4929.523 Thread 0x000000001eb69000 Exception <a 'java/lang/NoSuchMethodError': <clinit>> (0x00000000e81713b8) thrown at [C:\src\AOSP-openjdk-git\hotspot\src\share\vm\prims\jni.cpp, line 1615]
Event: 4929.527 Thread 0x000000001eb69000 Exception <a 'java/lang/NoSuchMethodError': <clinit>> (0x00000000e81f1518) thrown at [C:\src\AOSP-openjdk-git\hotspot\src\share\vm\prims\jni.cpp, line 1615]
Event: 4932.667 Thread 0x000000001eb72800 Exception <a 'sun/nio/fs/WindowsException'> (0x00000000e1077e28) thrown at [C:\src\AOSP-openjdk-git\hotspot\src\share\vm\prims\jni.cpp, line 710]
Event: 4932.667 Thread 0x000000001eb72800 Exception <a 'sun/nio/fs/WindowsException'> (0x00000000e10786a0) thrown at [C:\src\AOSP-openjdk-git\hotspot\src\share\vm\prims\jni.cpp, line 710]
Event: 4932.668 Thread 0x000000001eb72800 Exception <a 'sun/nio/fs/WindowsException'> (0x00000000e107a418) thrown at [C:\src\AOSP-openjdk-git\hotspot\src\share\vm\prims\jni.cpp, line 710]
Event: 4932.668 Thread 0x000000001eb72800 Exception <a 'sun/nio/fs/WindowsException'> (0x00000000e107b6d0) thrown at [C:\src\AOSP-openjdk-git\hotspot\src\share\vm\prims\jni.cpp, line 710]

Events (10 events):
Event: 4945.802 Thread 0x000000001eb6e000 DEOPT PACKING pc=0x000000000543f6d0 sp=0x000000001b84b3a0
Event: 4945.802 Thread 0x000000001eb6e000 DEOPT UNPACKING pc=0x00000000028975d0 sp=0x000000001b84b368 mode 0
Event: 4945.815 Thread 0x000000001eb6e000 DEOPT PACKING pc=0x000000000543f6d0 sp=0x000000001b84b3a0
Event: 4945.815 Thread 0x000000001eb6e000 DEOPT UNPACKING pc=0x00000000028975d0 sp=0x000000001b84b368 mode 0
Event: 4945.823 Thread 0x000000001eb6e000 DEOPT PACKING pc=0x000000000543f6d0 sp=0x000000001b84b3a0
Event: 4945.823 Thread 0x000000001eb6e000 DEOPT UNPACKING pc=0x00000000028975d0 sp=0x000000001b84b368 mode 0
Event: 4945.829 Thread 0x000000001eb6e000 DEOPT PACKING pc=0x000000000543f6d0 sp=0x000000001b84b3a0
Event: 4945.829 Thread 0x000000001eb6e000 DEOPT UNPACKING pc=0x00000000028975d0 sp=0x000000001b84b368 mode 0
Event: 4945.881 Thread 0x000000001eb6e000 DEOPT PACKING pc=0x000000000543f6d0 sp=0x000000001b84b3a0
Event: 4945.881 Thread 0x000000001eb6e000 DEOPT UNPACKING pc=0x00000000028975d0 sp=0x000000001b84b368 mode 0


Dynamic libraries:
0x00007ff7fc100000 - 0x00007ff7fc131000 	C:\Program Files\Android\Android Studio\jre\bin\java.exe
0x00007ffd23a20000 - 0x00007ffd23c10000 	C:\Windows\SYSTEM32\ntdll.dll
0x00007ffd22900000 - 0x00007ffd229b2000 	C:\Windows\System32\KERNEL32.DLL
0x00007ffd21820000 - 0x00007ffd21ac5000 	C:\Windows\System32\KERNELBASE.dll
0x00007ffd23090000 - 0x00007ffd23133000 	C:\Windows\System32\ADVAPI32.dll
0x00007ffd23500000 - 0x00007ffd2359e000 	C:\Windows\System32\msvcrt.dll
0x00007ffd236e0000 - 0x00007ffd23777000 	C:\Windows\System32\sechost.dll
0x00007ffd23250000 - 0x00007ffd23370000 	C:\Windows\System32\RPCRT4.dll
0x00007ffd23840000 - 0x00007ffd239d4000 	C:\Windows\System32\USER32.dll
0x00007ffd209a0000 - 0x00007ffd209c1000 	C:\Windows\System32\win32u.dll
0x00007ffd221e0000 - 0x00007ffd22206000 	C:\Windows\System32\GDI32.dll
0x00007ffd21680000 - 0x00007ffd21816000 	C:\Windows\System32\gdi32full.dll
0x00007ffd214e0000 - 0x00007ffd2157e000 	C:\Windows\System32\msvcp_win.dll
0x00007ffd21580000 - 0x00007ffd2167a000 	C:\Windows\System32\ucrtbase.dll
0x00007ffd0a810000 - 0x00007ffd0aa94000 	C:\Windows\WinSxS\amd64_microsoft.windows.common-controls_6595b64144ccf1df_6.0.18362.1198_none_9e820b57e45ad92f\COMCTL32.dll
0x00007ffd21e20000 - 0x00007ffd22155000 	C:\Windows\System32\combase.dll
0x00007ffd20c30000 - 0x00007ffd20cb0000 	C:\Windows\System32\bcryptPrimitives.dll
0x00007ffd23150000 - 0x00007ffd2317e000 	C:\Windows\System32\IMM32.DLL
0x000000005cab0000 - 0x000000005cb82000 	C:\Program Files\Android\Android Studio\jre\jre\bin\msvcr100.dll
0x000000005cb90000 - 0x000000005d3db000 	C:\Program Files\Android\Android Studio\jre\jre\bin\server\jvm.dll
0x00007ffd21cb0000 - 0x00007ffd21cb8000 	C:\Windows\System32\PSAPI.DLL
0x00007ffd13df0000 - 0x00007ffd13dfa000 	C:\Windows\SYSTEM32\VERSION.dll
0x00007ffd1ce90000 - 0x00007ffd1ceb4000 	C:\Windows\SYSTEM32\WINMM.dll
0x00007ffd19cd0000 - 0x00007ffd19cd9000 	C:\Windows\SYSTEM32\WSOCK32.dll
0x00007ffd23370000 - 0x00007ffd233df000 	C:\Windows\System32\WS2_32.dll
0x00007ffd1ce60000 - 0x00007ffd1ce8d000 	C:\Windows\SYSTEM32\winmmbase.dll
0x00007ffd21460000 - 0x00007ffd214aa000 	C:\Windows\System32\cfgmgr32.dll
0x00007ffd1cff0000 - 0x00007ffd1cfff000 	C:\Program Files\Android\Android Studio\jre\jre\bin\verify.dll
0x00007ffd192d0000 - 0x00007ffd192f9000 	C:\Program Files\Android\Android Studio\jre\jre\bin\java.dll
0x00007ffd14950000 - 0x00007ffd14966000 	C:\Program Files\Android\Android Studio\jre\jre\bin\zip.dll
0x00007ffd22210000 - 0x00007ffd228f7000 	C:\Windows\System32\SHELL32.dll
0x00007ffd233e0000 - 0x00007ffd23489000 	C:\Windows\System32\shcore.dll
0x00007ffd20cd0000 - 0x00007ffd21451000 	C:\Windows\System32\windows.storage.dll
0x00007ffd208e0000 - 0x00007ffd20903000 	C:\Windows\System32\profapi.dll
0x00007ffd20930000 - 0x00007ffd2097a000 	C:\Windows\System32\powrprof.dll
0x00007ffd208d0000 - 0x00007ffd208e0000 	C:\Windows\System32\UMPDC.dll
0x00007ffd21dc0000 - 0x00007ffd21e12000 	C:\Windows\System32\shlwapi.dll
0x00007ffd20910000 - 0x00007ffd20921000 	C:\Windows\System32\kernel.appcore.dll
0x00007ffd20cb0000 - 0x00007ffd20cc7000 	C:\Windows\System32\cryptsp.dll
0x00007ffd148f0000 - 0x00007ffd1490a000 	C:\Program Files\Android\Android Studio\jre\jre\bin\net.dll
0x00007ffd20120000 - 0x00007ffd20187000 	C:\Windows\system32\mswsock.dll
0x00007ffd148d0000 - 0x00007ffd148e3000 	C:\Program Files\Android\Android Studio\jre\jre\bin\nio.dll
0x00007ffd0a4a0000 - 0x00007ffd0a4c6000 	C:\Users\Administrator\.gradle\native\30\windows-amd64\native-platform.dll
0x00007ffd1bb00000 - 0x00007ffd1bb0d000 	C:\Program Files\Android\Android Studio\jre\jre\bin\management.dll
0x00007ffd1fc90000 - 0x00007ffd1fcc3000 	C:\Windows\system32\rsaenh.dll
0x00007ffd214b0000 - 0x00007ffd214d6000 	C:\Windows\System32\bcrypt.dll
0x00007ffd207f0000 - 0x00007ffd20815000 	C:\Windows\SYSTEM32\USERENV.dll
0x00007ffd202f0000 - 0x00007ffd202fc000 	C:\Windows\SYSTEM32\CRYPTBASE.dll
0x00007ffd1fe30000 - 0x00007ffd1fe6a000 	C:\Windows\SYSTEM32\IPHLPAPI.DLL
0x00007ffd21cc0000 - 0x00007ffd21cc8000 	C:\Windows\System32\NSI.dll
0x00007ffd159b0000 - 0x00007ffd159c6000 	C:\Windows\SYSTEM32\dhcpcsvc6.DLL
0x00007ffd15960000 - 0x00007ffd1597c000 	C:\Windows\SYSTEM32\dhcpcsvc.DLL
0x00007ffd1fe70000 - 0x00007ffd1ff3b000 	C:\Windows\SYSTEM32\DNSAPI.dll
0x00007ffd0afd0000 - 0x00007ffd0aff4000 	C:\Program Files\Android\Android Studio\jre\jre\bin\sunec.dll
0x00007ffd1cc90000 - 0x00007ffd1cc9a000 	C:\Windows\System32\rasadhlp.dll
0x00007ffd152e0000 - 0x00007ffd15357000 	C:\Windows\System32\fwpuclnt.dll
0x00007ffd19bc0000 - 0x00007ffd19bcb000 	C:\Program Files\Android\Android Studio\jre\jre\bin\sunmscapi.dll
0x00007ffd209d0000 - 0x00007ffd20b19000 	C:\Windows\System32\CRYPT32.dll
0x00007ffd20980000 - 0x00007ffd20992000 	C:\Windows\System32\MSASN1.dll

VM Arguments:
jvm_args: -Xmx1536M -Dfile.encoding=windows-1252 -Duser.country=US -Duser.language=en -Duser.variant 
java_command: org.gradle.launcher.daemon.bootstrap.GradleDaemon 5.6.2
java_class_path (initial): C:\Users\Administrator\.gradle\wrapper\dists\gradle-5.6.2-all\9st6wgf78h16so49nn74lgtbb\gradle-5.6.2\lib\gradle-launcher-5.6.2.jar
Launcher Type: SUN_STANDARD

Environment Variables:
PATH=C:\Program Files (x86)\Common Files\Intel\Shared Libraries\redist\intel64\compiler;C:\Users\Administrator\AppData\Local\Programs\Julia\Julia-1.4.1\bin;F:\skd_file\src\flutter\bin;C:\Users\Administrator\AppData\Roaming\Adobe\Adobe Photoshop 2020\Adobe Photoshop 2020;C:\Users\Administrator\AppData\Roaming\Adobe\Save for Web;C:\Users;C:\src\flutter\bin;C:\Program Files\Java\jdk1.8.0_201\bin;C:\Program Files\Java\jre1.8.0_241\bin;C:\Program Files (x86)\Common Files\Oracle\Java\javapath;C:\Windows\system32;C:\Windows;C:\Windows\System32\Wbem;C:\Windows\System32\WindowsPowerShell\v1.0\;C:\Windows\System32\OpenSSH\;C:\Program Files\Dart\dart-sdk\bin;C:\Program Files\Git\cmd;C:\Program Files (x86)\Microsoft SQL Server\150\DTS\Binn\;C:\Program Files\Microsoft SQL Server\Client SDK\ODBC\170\Tools\Binn\;C:\Program Files (x86)\Microsoft SQL Server\150\Tools\Binn\;C:\Program Files\Microsoft SQL Server\150\Tools\Binn\;C:\Program Files\Microsoft SQL Server\150\DTS\Binn\;C:\Users\Administrator\AppData\Local\Programs\Python\Python38-32\Scripts\;C:\Users\Administrator\AppData\Local\Programs\Python\Python38-32\;C:\Users\Administrator\AppData\Local\Microsoft\WindowsApps;C:\Program Files\JetBrains\PyCharm Community Edition 2019.1.2\bin;;C:\Program Files\JetBrains\IntelliJ IDEA Community Edition 2019.3.4\bin;;C:\Users\Administrator\AppData\Local\Programs\Microsoft VS Code\bin;C:\Users\Administrator\AppData\Local\GitHubDesktop\bin
USERNAME=Wilhit
OS=Windows_NT
PROCESSOR_IDENTIFIER=Intel64 Family 6 Model 61 Stepping 4, GenuineIntel



---------------  S Y S T E M  ---------------

OS: Windows 10.0 , 64 bit Build 18362 (10.0.18362.1110)

CPU:total 4 (initial active 4) (2 cores per cpu, 2 threads per core) family 6 model 61 stepping 4, cmov, cx8, fxsr, mmx, sse, sse2, sse3, ssse3, sse4.1, sse4.2, popcnt, avx, avx2, aes, clmul, erms, 3dnowpref, lzcnt, ht, tsc, tscinvbit, bmi1, bmi2, adx

Memory: 4k page, physical 12373080k(678076k free), swap 17493080k(5980k free)

vm_info: OpenJDK 64-Bit Server VM (25.242-b01) for windows-amd64 JRE (1.8.0_242-release-1644-b01), built by "builder" with MS VC++ 10.0 (VS2010)

time: Wed Dec 02 16:19:51 2020
timezone: Namibia Standard Time
elapsed time: 4945 seconds (0d 1h 22m 25s)

